\BOOKMARK [0][-]{dummy.1}{\376\377\000D\000e\000c\000l\000a\000r\000a\000t\000i\000o\000n\000\040\000o\000f\000\040\000A\000u\000t\000h\000o\000r\000s\000h\000i\000p}{}% 1
\BOOKMARK [0][-]{dummy.2}{\376\377\000A\000b\000s\000t\000r\000a\000c\000t}{}% 2
\BOOKMARK [0][-]{dummy.3}{\376\377\000A\000c\000k\000n\000o\000w\000l\000e\000d\000g\000e\000m\000e\000n\000t\000s}{}% 3
\BOOKMARK [0][-]{dummy.5}{\376\377\000L\000i\000s\000t\000\040\000o\000f\000\040\000F\000i\000g\000u\000r\000e\000s}{}% 4
\BOOKMARK [0][-]{dummy.7}{\376\377\000L\000i\000s\000t\000\040\000o\000f\000\040\000T\000a\000b\000l\000e\000s}{}% 5
\BOOKMARK [0][-]{chapter.9}{\376\377\0001\000\040\000I\000n\000t\000r\000o\000d\000u\000c\000t\000i\000o\000n}{}% 6
\BOOKMARK [1][-]{section.12}{\376\377\0001\000.\0001\000\040\000B\000a\000s\000i\000c\000\040\000C\000o\000n\000c\000e\000p\000t\000s}{chapter.9}% 7
\BOOKMARK [1][-]{section.15}{\376\377\0001\000.\0002\000\040\000I\000n\000f\000r\000e\000q\000u\000e\000n\000t\000\040\000I\000t\000e\000m\000s\000e\000t\000\040\000M\000i\000n\000i\000n\000g}{chapter.9}% 8
\BOOKMARK [1][-]{section.16}{\376\377\0001\000.\0003\000\040\000M\000o\000t\000i\000v\000a\000t\000i\000o\000n}{chapter.9}% 9
\BOOKMARK [1][-]{section.17}{\376\377\0001\000.\0004\000\040\000O\000b\000j\000e\000c\000t\000i\000v\000e}{chapter.9}% 10
\BOOKMARK [1][-]{section.18}{\376\377\0001\000.\0005\000\040\000T\000h\000e\000s\000i\000s\000\040\000C\000o\000n\000t\000r\000i\000b\000u\000t\000i\000o\000n}{chapter.9}% 11
\BOOKMARK [1][-]{section.19}{\376\377\0001\000.\0006\000\040\000T\000h\000e\000s\000i\000s\000\040\000O\000u\000t\000l\000i\000n\000e}{chapter.9}% 12
\BOOKMARK [0][-]{chapter.20}{\376\377\0002\000\040\000P\000r\000e\000v\000i\000o\000u\000s\000\040\000W\000o\000r\000k\000s}{}% 13
\BOOKMARK [1][-]{section.21}{\376\377\0002\000.\0001\000\040\000R\000e\000l\000a\000t\000e\000d\000\040\000W\000o\000r\000k\000s}{chapter.20}% 14
\BOOKMARK [0][-]{chapter.22}{\376\377\0003\000\040\000P\000r\000o\000p\000o\000s\000e\000d\000\040\000A\000p\000p\000r\000o\000a\000c\000h}{}% 15
\BOOKMARK [1][-]{section.23}{\376\377\0003\000.\0001\000\040\000P\000r\000o\000b\000l\000e\000m\000\040\000D\000e\000f\000i\000n\000i\000t\000i\000o\000n}{chapter.22}% 16
\BOOKMARK [1][-]{section.29}{\376\377\0003\000.\0002\000\040\000S\000o\000l\000u\000t\000i\000o\000n\000\040\000M\000e\000t\000h\000o\000d\000o\000l\000o\000g\000y}{chapter.22}% 17
\BOOKMARK [1][-]{section.44}{\376\377\0003\000.\0003\000\040\000M\000i\000n\000i\000n\000g\000\040\000P\000r\000o\000c\000e\000s\000s}{chapter.22}% 18
\BOOKMARK [1][-]{section.53}{\376\377\0003\000.\0004\000\040\000P\000r\000o\000p\000o\000s\000e\000d\000\040\000A\000l\000g\000o\000r\000i\000t\000h\000m}{chapter.22}% 19
\BOOKMARK [0][-]{chapter.54}{\376\377\0004\000\040\000P\000e\000r\000f\000o\000r\000m\000a\000n\000c\000e\000\040\000E\000v\000a\000l\000u\000a\000t\000i\000o\000n}{}% 20
\BOOKMARK [1][-]{section.55}{\376\377\0004\000.\0001\000\040\000E\000x\000p\000e\000r\000i\000m\000e\000n\000t\000a\000l\000\040\000S\000e\000t\000t\000i\000n\000g\000s}{chapter.54}% 21
\BOOKMARK [1][-]{section.56}{\376\377\0004\000.\0002\000\040\000D\000a\000t\000a\000s\000e\000t\000\040\000C\000h\000a\000r\000a\000c\000t\000e\000r\000i\000s\000t\000i\000c\000s}{chapter.54}% 22
\BOOKMARK [1][-]{section.57}{\376\377\0004\000.\0003\000\040\000P\000e\000r\000f\000o\000r\000m\000a\000n\000c\000e\000\040\000M\000e\000t\000r\000i\000c\000s}{chapter.54}% 23
\BOOKMARK [1][-]{section.58}{\376\377\0004\000.\0004\000\040\000P\000e\000r\000f\000o\000r\000m\000a\000n\000c\000e\000\040\000C\000o\000m\000p\000a\000r\000i\000s\000o\000n}{chapter.54}% 24
\BOOKMARK [1][-]{section.59}{\376\377\0004\000.\0005\000\040\000S\000u\000m\000m\000a\000r\000y}{chapter.54}% 25
\BOOKMARK [0][-]{chapter.60}{\376\377\0005\000\040\000C\000o\000n\000c\000l\000u\000s\000i\000o\000n}{}% 26
\BOOKMARK [1][-]{section.61}{\376\377\0005\000.\0001\000\040\000S\000u\000m\000m\000a\000r\000y\000\040\000o\000f\000\040\000R\000e\000s\000e\000a\000r\000c\000h\000\040}{chapter.60}% 27
\BOOKMARK [1][-]{section.62}{\376\377\0005\000.\0002\000\040\000S\000c\000o\000p\000e\000\040\000o\000f\000\040\000F\000u\000t\000u\000r\000e\000\040\000W\000o\000r\000k}{chapter.60}% 28
\BOOKMARK [0][-]{appendix.63}{\376\377\000A\000\040\000A\000p\000p\000e\000n\000d\000i\000x\000\040\000T\000i\000t\000l\000e\000\040\000H\000e\000r\000e}{}% 29
\BOOKMARK [0][-]{dummy.64}{\376\377\000B\000i\000b\000l\000i\000o\000g\000r\000a\000p\000h\000y}{}% 30
